c:\users\lenovo\desktop\mavelles underground\mavellesundergroundstory\mavellesundergroundstory\mavellsunderground\mavellsu.7b86d3f8\x64\debug\vc143.pdb
c:\users\lenovo\desktop\mavelles underground\mavellesundergroundstory\mavellesundergroundstory\mavellsunderground\mavellsu.7b86d3f8\x64\debug\vc143.idb
c:\users\lenovo\desktop\mavelles underground\mavellesundergroundstory\mavellesundergroundstory\mavellsunderground\mavellsu.7b86d3f8\x64\debug\trading.obj
c:\users\lenovo\desktop\mavelles underground\mavellesundergroundstory\mavellesundergroundstory\mavellsunderground\mavellsu.7b86d3f8\x64\debug\testenemyclass.obj
c:\users\lenovo\desktop\mavelles underground\mavellesundergroundstory\mavellesundergroundstory\mavellsunderground\mavellsu.7b86d3f8\x64\debug\room.obj
c:\users\lenovo\desktop\mavelles underground\mavellesundergroundstory\mavellesundergroundstory\mavellsunderground\mavellsu.7b86d3f8\x64\debug\player.obj
c:\users\lenovo\desktop\mavelles underground\mavellesundergroundstory\mavellesundergroundstory\mavellsunderground\mavellsu.7b86d3f8\x64\debug\mavellsunderground.obj
c:\users\lenovo\desktop\mavelles underground\mavellesundergroundstory\mavellesundergroundstory\mavellsunderground\mavellsu.7b86d3f8\x64\debug\consumables.obj
c:\users\lenovo\desktop\mavelles underground\mavellesundergroundstory\mavellesundergroundstory\mavellsunderground\mavellsu.7b86d3f8\x64\debug\button.obj
c:\users\lenovo\desktop\mavelles underground\mavellesundergroundstory\mavellesundergroundstory\mavellsunderground\mavellsu.7b86d3f8\x64\debug\inventory.obj
c:\users\lenovo\desktop\mavelles underground\mavellesundergroundstory\mavellesundergroundstory\mavellsunderground\mavellsu.7b86d3f8\x64\debug\game.obj
c:\users\lenovo\desktop\mavelles underground\mavellesundergroundstory\mavellesundergroundstory\mavellsunderground\mavellsu.7b86d3f8\x64\debug\entity.obj
c:\users\lenovo\desktop\mavelles underground\mavellesundergroundstory\mavellesundergroundstory\mavellsunderground\mavellsu.7b86d3f8\x64\debug\enemy.obj
c:\users\lenovo\desktop\mavelles underground\mavellesundergroundstory\mavellesundergroundstory\mavellsunderground\mavellsu.7b86d3f8\x64\debug\effects.obj
c:\users\lenovo\desktop\mavelles underground\mavellesundergroundstory\mavellesundergroundstory\mavellsunderground\mavellsu.7b86d3f8\x64\debug\door.obj
c:\users\lenovo\desktop\mavelles underground\mavellesundergroundstory\mavellesundergroundstory\mavellsunderground\mavellsu.7b86d3f8\x64\debug\cutscenes.obj
c:\users\lenovo\desktop\mavelles underground\mavellesundergroundstory\mavellesundergroundstory\mavellsunderground\mavellsu.7b86d3f8\x64\debug\battle.obj
c:\users\lenovo\desktop\mavelles underground\mavellesundergroundstory\mavellesundergroundstory\mavellsunderground\mavellsu.7b86d3f8\x64\debug\barrel.obj
c:\users\lenovo\desktop\mavelles underground\mavellesundergroundstory\mavellesundergroundstory\mavellsunderground\mavellsu.7b86d3f8\x64\debug\mavellsunderground.ilk
c:\users\lenovo\desktop\mavelles underground\mavellesundergroundstory\mavellesundergroundstory\mavellsunderground\x64\debug\mavellsunderground.pdb
c:\users\lenovo\desktop\mavelles underground\mavellesundergroundstory\mavellesundergroundstory\mavellsunderground\mavellsu.7b86d3f8\x64\debug\mavellsu.7b86d3f8.tlog\cl.command.1.tlog
c:\users\lenovo\desktop\mavelles underground\mavellesundergroundstory\mavellesundergroundstory\mavellsunderground\mavellsu.7b86d3f8\x64\debug\mavellsu.7b86d3f8.tlog\cl.items.tlog
c:\users\lenovo\desktop\mavelles underground\mavellesundergroundstory\mavellesundergroundstory\mavellsunderground\mavellsu.7b86d3f8\x64\debug\mavellsu.7b86d3f8.tlog\cl.read.1.tlog
c:\users\lenovo\desktop\mavelles underground\mavellesundergroundstory\mavellesundergroundstory\mavellsunderground\mavellsu.7b86d3f8\x64\debug\mavellsu.7b86d3f8.tlog\cl.write.1.tlog
c:\users\lenovo\desktop\mavelles underground\mavellesundergroundstory\mavellesundergroundstory\mavellsunderground\mavellsu.7b86d3f8\x64\debug\mavellsu.7b86d3f8.tlog\link-cvtres.read.1.tlog
c:\users\lenovo\desktop\mavelles underground\mavellesundergroundstory\mavellesundergroundstory\mavellsunderground\mavellsu.7b86d3f8\x64\debug\mavellsu.7b86d3f8.tlog\link-cvtres.write.1.tlog
c:\users\lenovo\desktop\mavelles underground\mavellesundergroundstory\mavellesundergroundstory\mavellsunderground\mavellsu.7b86d3f8\x64\debug\mavellsu.7b86d3f8.tlog\link-rc.read.1.tlog
c:\users\lenovo\desktop\mavelles underground\mavellesundergroundstory\mavellesundergroundstory\mavellsunderground\mavellsu.7b86d3f8\x64\debug\mavellsu.7b86d3f8.tlog\link-rc.write.1.tlog
c:\users\lenovo\desktop\mavelles underground\mavellesundergroundstory\mavellesundergroundstory\mavellsunderground\mavellsu.7b86d3f8\x64\debug\mavellsu.7b86d3f8.tlog\link.command.1.tlog
c:\users\lenovo\desktop\mavelles underground\mavellesundergroundstory\mavellesundergroundstory\mavellsunderground\mavellsu.7b86d3f8\x64\debug\mavellsu.7b86d3f8.tlog\link.read.1.tlog
c:\users\lenovo\desktop\mavelles underground\mavellesundergroundstory\mavellesundergroundstory\mavellsunderground\mavellsu.7b86d3f8\x64\debug\mavellsu.7b86d3f8.tlog\link.read.2.tlog
c:\users\lenovo\desktop\mavelles underground\mavellesundergroundstory\mavellesundergroundstory\mavellsunderground\mavellsu.7b86d3f8\x64\debug\mavellsu.7b86d3f8.tlog\link.read.3.tlog
c:\users\lenovo\desktop\mavelles underground\mavellesundergroundstory\mavellesundergroundstory\mavellsunderground\mavellsu.7b86d3f8\x64\debug\mavellsu.7b86d3f8.tlog\link.read.4.tlog
c:\users\lenovo\desktop\mavelles underground\mavellesundergroundstory\mavellesundergroundstory\mavellsunderground\mavellsu.7b86d3f8\x64\debug\mavellsu.7b86d3f8.tlog\link.secondary.1.tlog
c:\users\lenovo\desktop\mavelles underground\mavellesundergroundstory\mavellesundergroundstory\mavellsunderground\mavellsu.7b86d3f8\x64\debug\mavellsu.7b86d3f8.tlog\link.write.1.tlog
