  MavellsUnderground.cpp
C:\Users\xxatt\OneDrive\Desktop\MavellesUndergroundStory\MavellsUnderground\MavellsUnderground.cpp(176,23): warning C4267: 'argument': conversion from 'size_t' to 'const _Ty', possible loss of data
C:\Users\xxatt\OneDrive\Desktop\MavellesUndergroundStory\MavellsUnderground\MavellsUnderground.cpp(176,23): warning C4267:         with
C:\Users\xxatt\OneDrive\Desktop\MavellesUndergroundStory\MavellsUnderground\MavellsUnderground.cpp(176,23): warning C4267:         [
C:\Users\xxatt\OneDrive\Desktop\MavellesUndergroundStory\MavellsUnderground\MavellsUnderground.cpp(176,23): warning C4267:             _Ty=int
C:\Users\xxatt\OneDrive\Desktop\MavellesUndergroundStory\MavellsUnderground\MavellsUnderground.cpp(176,23): warning C4267:         ]
C:\Users\xxatt\OneDrive\Desktop\MavellesUndergroundStory\MavellsUnderground\MavellsUnderground.cpp(306,23): warning C4267: 'argument': conversion from 'size_t' to 'const _Ty', possible loss of data
C:\Users\xxatt\OneDrive\Desktop\MavellesUndergroundStory\MavellsUnderground\MavellsUnderground.cpp(306,23): warning C4267:         with
C:\Users\xxatt\OneDrive\Desktop\MavellesUndergroundStory\MavellsUnderground\MavellsUnderground.cpp(306,23): warning C4267:         [
C:\Users\xxatt\OneDrive\Desktop\MavellesUndergroundStory\MavellsUnderground\MavellsUnderground.cpp(306,23): warning C4267:             _Ty=int
C:\Users\xxatt\OneDrive\Desktop\MavellesUndergroundStory\MavellsUnderground\MavellsUnderground.cpp(306,23): warning C4267:         ]
C:\Users\xxatt\OneDrive\Desktop\MavellesUndergroundStory\MavellsUnderground\MavellsUnderground.cpp(389,12): warning C4244: 'argument': conversion from 'time_t' to 'unsigned int', possible loss of data
C:\Users\xxatt\OneDrive\Desktop\MavellesUndergroundStory\MavellsUnderground\MavellsUnderground.cpp(492,18): warning C4244: 'initializing': conversion from 'time_t' to 'double', possible loss of data
C:\Users\xxatt\OneDrive\Desktop\MavellesUndergroundStory\MavellsUnderground\MavellsUnderground.cpp(658,20): warning C4244: '=': conversion from 'time_t' to 'double', possible loss of data
C:\Users\xxatt\OneDrive\Desktop\MavellesUndergroundStory\MavellsUnderground\MavellsUnderground.cpp(733,19): warning C4244: '=': conversion from 'time_t' to 'double', possible loss of data
C:\Users\xxatt\OneDrive\Desktop\MavellesUndergroundStory\MavellsUnderground\MavellsUnderground.cpp(739,19): warning C4244: '=': conversion from 'time_t' to 'double', possible loss of data
C:\Users\xxatt\OneDrive\Desktop\MavellesUndergroundStory\MavellsUnderground\MavellsUnderground.cpp(750,19): warning C4244: '=': conversion from 'time_t' to 'double', possible loss of data
C:\Users\xxatt\OneDrive\Desktop\MavellesUndergroundStory\MavellsUnderground\MavellsUnderground.cpp(756,19): warning C4244: '=': conversion from 'time_t' to 'double', possible loss of data
C:\Users\xxatt\OneDrive\Desktop\MavellesUndergroundStory\MavellsUnderground\MavellsUnderground.cpp(761,19): warning C4244: '=': conversion from 'time_t' to 'double', possible loss of data
C:\Users\xxatt\OneDrive\Desktop\MavellesUndergroundStory\MavellsUnderground\MavellsUnderground.cpp(130,1): warning C4715: 'returnRoomIndex': not all control paths return a value
  MavellsUnderground.vcxproj -> C:\Users\xxatt\OneDrive\Desktop\MavellesUndergroundStory\MavellsUnderground\x64\Debug\MavellsUnderground.exe
